2019-03-20T22:31:31.787685Z mysqld_safe Logging to '/data/slave/log/error.log'.
2019-03-20T22:31:31.817195Z mysqld_safe Starting mysqld daemon with databases from /data/slave/db
2019-03-20T22:31:32.000982Z 0 [Warning] TIMESTAMP with implicit DEFAULT value is deprecated. Please use --explicit_defaults_for_timestamp server option (see documentation for more details).
2019-03-20T22:31:32.009050Z 0 [Note] /usr/sbin/mysqld (mysqld 5.7.25-0ubuntu0.18.04.2-log) starting as process 526 ...
2019-03-20T22:31:32.026216Z 0 [Note] InnoDB: PUNCH HOLE support available
2019-03-20T22:31:32.026613Z 0 [Note] InnoDB: Mutexes and rw_locks use GCC atomic builtins
2019-03-20T22:31:32.026923Z 0 [Note] InnoDB: Uses event mutexes
2019-03-20T22:31:32.027234Z 0 [Note] InnoDB: GCC builtin __atomic_thread_fence() is used for memory barrier
2019-03-20T22:31:32.027475Z 0 [Note] InnoDB: Compressed tables use zlib 1.2.11
2019-03-20T22:31:32.027925Z 0 [Note] InnoDB: Using Linux native AIO
2019-03-20T22:31:32.028328Z 0 [Note] InnoDB: Number of pools: 1
2019-03-20T22:31:32.028622Z 0 [Note] InnoDB: Using CPU crc32 instructions
2019-03-20T22:31:32.029986Z 0 [Note] InnoDB: Initializing buffer pool, total size = 128M, instances = 1, chunk size = 128M
2019-03-20T22:31:32.036111Z 0 [Note] InnoDB: Completed initialization of buffer pool
2019-03-20T22:31:32.038802Z 0 [Note] InnoDB: If the mysqld execution user is authorized, page cleaner thread priority can be changed. See the man page of setpriority().
2019-03-20T22:31:32.074736Z 0 [Note] InnoDB: Highest supported file format is Barracuda.
2019-03-20T22:31:32.147537Z 0 [Note] InnoDB: Creating shared tablespace for temporary tables
2019-03-20T22:31:32.148168Z 0 [Note] InnoDB: Setting file './ibtmp1' size to 12 MB. Physically writing the file full; Please wait ...
2019-03-20T22:31:32.250441Z 0 [Note] InnoDB: File './ibtmp1' size is now 12 MB.
2019-03-20T22:31:32.263034Z 0 [Note] InnoDB: 96 redo rollback segment(s) found. 96 redo rollback segment(s) are active.
2019-03-20T22:31:32.263477Z 0 [Note] InnoDB: 32 non-redo rollback segment(s) are active.
2019-03-20T22:31:32.265346Z 0 [Note] InnoDB: 5.7.25 started; log sequence number 2524442
2019-03-20T22:31:32.268000Z 0 [Note] Plugin 'FEDERATED' is disabled.
2019-03-20T22:31:32.270355Z 0 [Note] InnoDB: Loading buffer pool(s) from /data/slave/db/ib_buffer_pool
2019-03-20T22:31:32.343383Z 0 [Warning] Failed to set up SSL because of the following SSL library error: SSL context is not usable without certificate and private key
2019-03-20T22:31:32.343664Z 0 [Note] Server hostname (bind-address): '0.0.0.0'; port: 33062
2019-03-20T22:31:32.344048Z 0 [Note]   - '0.0.0.0' resolves to '0.0.0.0';
2019-03-20T22:31:32.344508Z 0 [Note] Server socket created on IP: '0.0.0.0'.
2019-03-20T22:31:32.368411Z 0 [Note] InnoDB: Buffer pool(s) load completed at 190320 22:31:32
2019-03-20T22:31:32.490776Z 0 [Note] Failed to start slave threads for channel ''
2019-03-20T22:31:32.719345Z 0 [Note] Event Scheduler: Loaded 0 events
2019-03-20T22:31:32.720090Z 0 [Note] /usr/sbin/mysqld: ready for connections.
Version: '5.7.25-0ubuntu0.18.04.2-log'  socket: '/data/slave/mysqld/mysqld.sock'  port: 33062  (Ubuntu)
